\BOOKMARK [0][-]{chapter*.2}{\376\377\000A\000b\000s\000t\000r\000a\000c\000t}{}% 1
\BOOKMARK [0][-]{chapter.1}{\376\377\000I\000n\000t\000r\000o\000d\000u\000c\000t\000i\000o\000n}{}% 2
\BOOKMARK [0][-]{chapter.2}{\376\377\000P\000r\000e\000l\000i\000m\000i\000n\000a\000r\000i\000e\000s}{}% 3
\BOOKMARK [1][-]{section.2.1}{\376\377\000E\000m\000b\000e\000d\000d\000e\000d\000\040\000S\000y\000s\000t\000e\000m}{chapter.2}% 4
\BOOKMARK [2][-]{subsection.2.1.1}{\376\377\000T\000y\000p\000i\000c\000a\000l\000\040\000E\000m\000b\000e\000d\000d\000e\000d\000\040\000S\000y\000s\000t\000e\000m\000\040\000A\000r\000c\000h\000i\000t\000e\000c\000t\000u\000r\000e}{section.2.1}% 5
\BOOKMARK [2][-]{subsection.2.1.2}{\376\377\000E\000x\000e\000c\000u\000t\000i\000o\000n\000\040\000M\000o\000d\000e\000l}{section.2.1}% 6
\BOOKMARK [2][-]{subsection.2.1.3}{\376\377\000I\000/\000O\000\040\000a\000n\000d\000\040\000P\000e\000r\000i\000p\000h\000e\000r\000a\000l\000\040\000I\000n\000t\000e\000r\000f\000a\000c\000e\000s}{section.2.1}% 7
\BOOKMARK [2][-]{subsection.2.1.4}{\376\377\000L\000i\000m\000i\000t\000a\000t\000i\000o\000n\000s\000\040\000a\000n\000d\000\040\000D\000e\000s\000i\000g\000n\000\040\000C\000h\000a\000l\000l\000e\000n\000g\000e\000s}{section.2.1}% 8
\BOOKMARK [1][-]{section.2.2}{\376\377\000H\000a\000r\000d\000w\000a\000r\000e\000\040\000A\000b\000s\000t\000r\000a\000c\000t\000i\000o\000n\000\040\000L\000a\000y\000e\000r}{chapter.2}% 9
\BOOKMARK [1][-]{section.2.3}{\376\377\000R\000e\000a\000l\000-\000T\000i\000m\000e\000\040\000O\000p\000e\000r\000a\000t\000i\000n\000g\000\040\000S\000y\000s\000t\000e\000m}{chapter.2}% 10
\BOOKMARK [1][-]{section.2.4}{\376\377\000C\000o\000o\000r\000d\000i\000n\000a\000t\000e\000\040\000S\000y\000s\000t\000e\000m}{chapter.2}% 11
\BOOKMARK [2][-]{subsection.2.4.1}{\376\377\000R\000e\000f\000e\000r\000e\000n\000c\000e\000\040\000F\000r\000a\000m\000e\000s}{section.2.4}% 12
\BOOKMARK [2][-]{subsection.2.4.2}{\376\377\000C\000o\000o\000r\000d\000i\000n\000a\000t\000e\000\040\000T\000r\000a\000n\000s\000f\000o\000r\000m\000a\000t\000i\000o\000n\000s}{section.2.4}% 13
\BOOKMARK [2][-]{subsection.2.4.3}{\376\377\000A\000t\000t\000i\000t\000u\000d\000e\000\040\000R\000e\000p\000r\000e\000s\000e\000n\000t\000a\000t\000i\000o\000n}{section.2.4}% 14
\BOOKMARK [2][-]{subsection.2.4.4}{\376\377\000R\000e\000l\000e\000v\000a\000n\000c\000e\000\040\000t\000o\000\040\000C\000o\000n\000t\000r\000o\000l\000\040\000S\000y\000s\000t\000e\000m\000s}{section.2.4}% 15
\BOOKMARK [1][-]{section.2.5}{\376\377\000S\000e\000n\000s\000o\000r}{chapter.2}% 16
\BOOKMARK [2][-]{subsection.2.5.1}{\376\377\000T\000y\000p\000e\000s\000\040\000o\000f\000\040\000S\000e\000n\000s\000o\000r\000s}{section.2.5}% 17
\BOOKMARK [2][-]{subsection.2.5.2}{\376\377\000S\000e\000n\000s\000o\000r\000\040\000C\000h\000a\000r\000a\000c\000t\000e\000r\000i\000s\000t\000i\000c\000s}{section.2.5}% 18
\BOOKMARK [2][-]{subsection.2.5.3}{\376\377\000S\000e\000n\000s\000o\000r\000\040\000F\000u\000s\000i\000o\000n}{section.2.5}% 19
\BOOKMARK [1][-]{section.2.6}{\376\377\000C\000o\000n\000t\000r\000o\000l}{chapter.2}% 20
\BOOKMARK [2][-]{subsection.2.6.1}{\376\377\000F\000e\000e\000d\000b\000a\000c\000k\000\040\000C\000o\000n\000t\000r\000o\000l}{section.2.6}% 21
\BOOKMARK [2][-]{subsection.2.6.2}{\376\377\000P\000r\000o\000p\000o\000r\000t\000i\000o\000n\000a\000l\000-\000I\000n\000t\000e\000g\000r\000a\000l\000-\000D\000e\000r\000i\000v\000a\000t\000i\000v\000e\000\040\000\050\000P\000I\000D\000\051\000\040\000C\000o\000n\000t\000r\000o\000l}{section.2.6}% 22
\BOOKMARK [2][-]{subsection.2.6.3}{\376\377\000C\000a\000s\000c\000a\000d\000e\000d\000\040\000C\000o\000n\000t\000r\000o\000l\000\040\000A\000r\000c\000h\000i\000t\000e\000c\000t\000u\000r\000e}{section.2.6}% 23
\BOOKMARK [2][-]{subsection.2.6.4}{\376\377\000A\000c\000t\000u\000a\000t\000o\000r\000\040\000C\000o\000m\000m\000a\000n\000d\000\040\000G\000e\000n\000e\000r\000a\000t\000i\000o\000n}{section.2.6}% 24
\BOOKMARK [2][-]{subsection.2.6.5}{\376\377\000P\000r\000a\000c\000t\000i\000c\000a\000l\000\040\000C\000o\000n\000s\000i\000d\000e\000r\000a\000t\000i\000o\000n\000s}{section.2.6}% 25
\BOOKMARK [1][-]{section.2.7}{\376\377\000C\000o\000m\000m\000u\000n\000i\000c\000a\000t\000i\000o\000n}{chapter.2}% 26
\BOOKMARK [2][-]{subsection.2.7.1}{\376\377\000C\000o\000m\000m\000u\000n\000i\000c\000a\000t\000i\000o\000n\000\040\000I\000n\000t\000e\000r\000f\000a\000c\000e\000s}{section.2.7}% 27
\BOOKMARK [2][-]{subsection.2.7.2}{\376\377\000C\000o\000m\000m\000u\000n\000i\000c\000a\000t\000i\000o\000n\000\040\000P\000r\000o\000t\000o\000c\000o\000l\000s}{section.2.7}% 28
\BOOKMARK [2][-]{subsection.2.7.3}{\376\377\000T\000e\000l\000e\000m\000e\000t\000r\000y\000\040\000a\000n\000d\000\040\000C\000o\000m\000m\000a\000n\000d\000\040\000S\000y\000s\000t\000e\000m\000s}{section.2.7}% 29
\BOOKMARK [2][-]{subsection.2.7.4}{\376\377\000D\000e\000s\000i\000g\000n\000\040\000C\000o\000n\000s\000i\000d\000e\000r\000a\000t\000i\000o\000n\000s}{section.2.7}% 30
\BOOKMARK [1][-]{section.2.8}{\376\377\000S\000a\000f\000e\000t\000y}{chapter.2}% 31
\BOOKMARK [2][-]{subsection.2.8.1}{\376\377\000F\000a\000i\000l\000u\000r\000e\000\040\000M\000o\000d\000e\000s}{section.2.8}% 32
\BOOKMARK [2][-]{subsection.2.8.2}{\376\377\000F\000a\000u\000l\000t\000\040\000D\000e\000t\000e\000c\000t\000i\000o\000n}{section.2.8}% 33
\BOOKMARK [2][-]{subsection.2.8.3}{\376\377\000F\000a\000i\000l\000s\000a\000f\000e\000\040\000M\000e\000c\000h\000a\000n\000i\000s\000m\000s}{section.2.8}% 34
\BOOKMARK [2][-]{subsection.2.8.4}{\376\377\000D\000e\000s\000i\000g\000n\000\040\000C\000o\000n\000s\000i\000d\000e\000r\000a\000t\000i\000o\000n\000s}{section.2.8}% 35
\BOOKMARK [0][-]{chapter.3}{\376\377\000S\000y\000s\000t\000e\000m\000\040\000A\000r\000c\000h\000i\000t\000e\000c\000t\000u\000r\000e}{}% 36
\BOOKMARK [1][-]{section.3.1}{\376\377\000O\000v\000e\000r\000v\000i\000e\000w}{chapter.3}% 37
\BOOKMARK [1][-]{section.3.2}{\376\377\000L\000a\000y\000e\000r\000e\000d\000\040\000A\000r\000c\000h\000i\000t\000e\000c\000t\000u\000r\000e}{chapter.3}% 38
\BOOKMARK [1][-]{section.3.3}{\376\377\000S\000y\000s\000t\000e\000m\000\040\000C\000o\000m\000p\000o\000n\000e\000n\000t\000s}{chapter.3}% 39
\BOOKMARK [1][-]{section.3.4}{\376\377\000D\000a\000t\000a\000\040\000F\000l\000o\000w}{chapter.3}% 40
\BOOKMARK [2][-]{subsection.3.4.1}{\376\377\000D\000a\000t\000a\000\040\000P\000r\000o\000c\000e\000s\000s\000i\000n\000g\000\040\000P\000i\000p\000e\000l\000i\000n\000e}{section.3.4}% 41
\BOOKMARK [2][-]{subsection.3.4.2}{\376\377\000S\000y\000n\000c\000h\000r\000o\000n\000i\000z\000a\000t\000i\000o\000n\000\040\000a\000n\000d\000\040\000B\000u\000f\000f\000e\000r\000i\000n\000g}{section.3.4}% 42
\BOOKMARK [1][-]{section.3.5}{\376\377\000E\000x\000e\000c\000u\000t\000i\000o\000n\000\040\000M\000o\000d\000e\000l}{chapter.3}% 43
\BOOKMARK [2][-]{subsection.3.5.1}{\376\377\000T\000a\000s\000k\000\040\000S\000c\000h\000e\000d\000u\000l\000i\000n\000g\000\040\000a\000n\000d\000\040\000P\000r\000i\000o\000r\000i\000t\000i\000e\000s}{section.3.5}% 44
\BOOKMARK [2][-]{subsection.3.5.2}{\376\377\000E\000x\000e\000c\000u\000t\000i\000o\000n\000\040\000T\000i\000m\000i\000n\000g\000\040\000D\000i\000a\000g\000r\000a\000m}{section.3.5}% 45
\BOOKMARK [2][-]{subsection.3.5.3}{\376\377\000D\000e\000t\000e\000r\000m\000i\000n\000i\000s\000t\000i\000c\000\040\000G\000u\000a\000r\000a\000n\000t\000e\000e\000s}{section.3.5}% 46
\BOOKMARK [1][-]{section.3.6}{\376\377\000D\000e\000s\000i\000g\000n\000\040\000P\000r\000i\000n\000c\000i\000p\000l\000e\000s}{chapter.3}% 47
\BOOKMARK [2][-]{subsection.3.6.1}{\376\377\000A\000r\000c\000h\000i\000t\000e\000c\000t\000u\000r\000a\000l\000\040\000P\000i\000l\000l\000a\000r\000s}{section.3.6}% 48
\BOOKMARK [1][-]{section.3.7}{\376\377\000C\000o\000m\000p\000a\000r\000i\000s\000o\000n}{chapter.3}% 49
\BOOKMARK [1][-]{section.3.8}{\376\377\000S\000u\000m\000m\000a\000r\000y}{chapter.3}% 50
\BOOKMARK [0][-]{chapter.4}{\376\377\000H\000a\000r\000d\000w\000a\000r\000e}{}% 51
\BOOKMARK [1][-]{section.4.1}{\376\377\000S\000y\000s\000t\000e\000m\000\040\000O\000v\000e\000r\000v\000i\000e\000w}{chapter.4}% 52
\BOOKMARK [1][-]{section.4.2}{\376\377\000M\000i\000c\000r\000o\000c\000o\000n\000t\000r\000o\000l\000l\000e\000r\000\040\000U\000n\000i\000t\000\040\000\050\000M\000C\000U\000\051}{chapter.4}% 53
\BOOKMARK [1][-]{section.4.3}{\376\377\000S\000e\000n\000s\000o\000r\000s}{chapter.4}% 54
\BOOKMARK [2][-]{subsection.4.3.1}{\376\377\000I\000n\000e\000r\000t\000i\000a\000l\000\040\000M\000e\000a\000s\000u\000r\000e\000m\000e\000n\000t\000\040\000U\000n\000i\000t\000\040\000\050\000I\000M\000U\000\051}{section.4.3}% 55
\BOOKMARK [2][-]{subsection.4.3.2}{\376\377\000B\000a\000r\000o\000m\000e\000t\000r\000i\000c\000\040\000S\000e\000n\000s\000o\000r}{section.4.3}% 56
\BOOKMARK [2][-]{subsection.4.3.3}{\376\377\000G\000l\000o\000b\000a\000l\000\040\000P\000o\000s\000i\000t\000i\000o\000n\000i\000n\000g\000\040\000S\000y\000s\000t\000e\000m\000\040\000\050\000G\000P\000S\000\051}{section.4.3}% 57
\BOOKMARK [2][-]{subsection.4.3.4}{\376\377\000S\000e\000n\000s\000o\000r\000\040\000I\000n\000t\000e\000g\000r\000a\000t\000i\000o\000n\000\040\000a\000n\000d\000\040\000D\000e\000s\000i\000g\000n\000\040\000C\000o\000n\000s\000i\000d\000e\000r\000a\000t\000i\000o\000n\000s}{section.4.3}% 58
\BOOKMARK [1][-]{section.4.4}{\376\377\000C\000o\000m\000m\000u\000n\000i\000c\000a\000t\000i\000o\000n\000\040\000I\000n\000t\000e\000r\000f\000a\000c\000e\000s}{chapter.4}% 59
\BOOKMARK [2][-]{subsection.4.4.1}{\376\377\000U\000A\000R\000T\000\040\000I\000n\000t\000e\000r\000f\000a\000c\000e\000s}{section.4.4}% 60
\BOOKMARK [2][-]{subsection.4.4.2}{\376\377\000I\0002\000C\000\040\000I\000n\000t\000e\000r\000f\000a\000c\000e}{section.4.4}% 61
\BOOKMARK [2][-]{subsection.4.4.3}{\376\377\000S\000P\000I\000\040\000I\000n\000t\000e\000r\000f\000a\000c\000e}{section.4.4}% 62
\BOOKMARK [2][-]{subsection.4.4.4}{\376\377\000S\000D\000I\000O\000\040\000I\000n\000t\000e\000r\000f\000a\000c\000e}{section.4.4}% 63
\BOOKMARK [2][-]{subsection.4.4.5}{\376\377\000U\000S\000B\000\040\000C\000D\000C\000\040\000I\000n\000t\000e\000r\000f\000a\000c\000e}{section.4.4}% 64
\BOOKMARK [2][-]{subsection.4.4.6}{\376\377\000D\000e\000b\000u\000g\000\040\000a\000n\000d\000\040\000P\000r\000o\000g\000r\000a\000m\000m\000i\000n\000g\000\040\000I\000n\000t\000e\000r\000f\000a\000c\000e}{section.4.4}% 65
\BOOKMARK [2][-]{subsection.4.4.7}{\376\377\000C\000o\000m\000m\000u\000n\000i\000c\000a\000t\000i\000o\000n\000\040\000D\000e\000s\000i\000g\000n\000\040\000C\000o\000n\000s\000i\000d\000e\000r\000a\000t\000i\000o\000n\000s}{section.4.4}% 66
\BOOKMARK [1][-]{section.4.5}{\376\377\000A\000c\000t\000u\000a\000t\000i\000o\000n\000\040\000a\000n\000d\000\040\000M\000o\000t\000o\000r\000\040\000C\000o\000n\000t\000r\000o\000l}{chapter.4}% 67
\BOOKMARK [2][-]{subsection.4.5.1}{\376\377\000P\000W\000M\000-\000B\000a\000s\000e\000d\000\040\000A\000c\000t\000u\000a\000t\000i\000o\000n}{section.4.5}% 68
\BOOKMARK [2][-]{subsection.4.5.2}{\376\377\000M\000o\000t\000o\000r\000\040\000C\000o\000n\000f\000i\000g\000u\000r\000a\000t\000i\000o\000n\000\040\000a\000n\000d\000\040\000M\000i\000x\000i\000n\000g}{section.4.5}% 69
\BOOKMARK [2][-]{subsection.4.5.3}{\376\377\000T\000i\000m\000i\000n\000g\000\040\000a\000n\000d\000\040\000C\000o\000n\000t\000r\000o\000l\000\040\000R\000e\000q\000u\000i\000r\000e\000m\000e\000n\000t\000s}{section.4.5}% 70
\BOOKMARK [2][-]{subsection.4.5.4}{\376\377\000D\000e\000s\000i\000g\000n\000\040\000C\000o\000n\000s\000i\000d\000e\000r\000a\000t\000i\000o\000n\000s}{section.4.5}% 71
\BOOKMARK [1][-]{section.4.6}{\376\377\000P\000o\000w\000e\000r\000\040\000M\000a\000n\000a\000g\000e\000m\000e\000n\000t}{chapter.4}% 72
\BOOKMARK [2][-]{subsection.4.6.1}{\376\377\000P\000o\000w\000e\000r\000\040\000A\000r\000c\000h\000i\000t\000e\000c\000t\000u\000r\000e}{section.4.6}% 73
\BOOKMARK [2][-]{subsection.4.6.2}{\376\377\000N\000o\000i\000s\000e\000\040\000a\000n\000d\000\040\000S\000i\000g\000n\000a\000l\000\040\000I\000n\000t\000e\000g\000r\000i\000t\000y}{section.4.6}% 74
\BOOKMARK [2][-]{subsection.4.6.3}{\376\377\000P\000o\000w\000e\000r\000\040\000D\000i\000s\000t\000r\000i\000b\000u\000t\000i\000o\000n}{section.4.6}% 75
\BOOKMARK [2][-]{subsection.4.6.4}{\376\377\000B\000a\000t\000t\000e\000r\000y\000\040\000M\000o\000n\000i\000t\000o\000r\000i\000n\000g\000\040\000a\000n\000d\000\040\000P\000o\000w\000e\000r\000\040\000D\000i\000a\000g\000n\000o\000s\000t\000i\000c\000s}{section.4.6}% 76
\BOOKMARK [2][-]{subsection.4.6.5}{\376\377\000D\000e\000s\000i\000g\000n\000\040\000C\000o\000n\000s\000i\000d\000e\000r\000a\000t\000i\000o\000n\000s}{section.4.6}% 77
\BOOKMARK [1][-]{section.4.7}{\376\377\000P\000C\000B\000\040\000D\000e\000s\000i\000g\000n\000\040\000a\000n\000d\000\040\000F\000a\000b\000r\000i\000c\000a\000t\000i\000o\000n}{chapter.4}% 78
\BOOKMARK [2][-]{subsection.4.7.1}{\376\377\000P\000C\000B\000\040\000D\000e\000s\000i\000g\000n}{section.4.7}% 79
\BOOKMARK [2][-]{subsection.4.7.2}{\376\377\000F\000a\000b\000r\000i\000c\000a\000t\000i\000o\000n\000\040\000a\000n\000d\000\040\000A\000s\000s\000e\000m\000b\000l\000y}{section.4.7}% 80
\BOOKMARK [1][-]{section.4.8}{\376\377\000H\000a\000r\000d\000w\000a\000r\000e\000-\000S\000o\000f\000t\000w\000a\000r\000e\000\040\000C\000o\000-\000d\000e\000s\000i\000g\000n}{chapter.4}% 81
\BOOKMARK [2][-]{subsection.4.8.1}{\376\377\000M\000a\000p\000p\000i\000n\000g\000\040\000o\000f\000\040\000H\000a\000r\000d\000w\000a\000r\000e\000\040\000R\000e\000s\000o\000u\000r\000c\000e\000s\000\040\000t\000o\000\040\000S\000o\000f\000t\000w\000a\000r\000e\000\040\000M\000o\000d\000u\000l\000e\000s}{section.4.8}% 82
\BOOKMARK [2][-]{subsection.4.8.2}{\376\377\000R\000o\000l\000e\000\040\000o\000f\000\040\000N\000a\000v\000H\000A\000L}{section.4.8}% 83
\BOOKMARK [2][-]{subsection.4.8.3}{\376\377\000E\000x\000e\000c\000u\000t\000i\000o\000n\000\040\000S\000u\000p\000p\000o\000r\000t\000\040\000t\000h\000r\000o\000u\000g\000h\000\040\000H\000a\000r\000d\000w\000a\000r\000e\000\040\000F\000e\000a\000t\000u\000r\000e\000s}{section.4.8}% 84
\BOOKMARK [2][-]{subsection.4.8.4}{\376\377\000D\000e\000s\000i\000g\000n\000\040\000A\000l\000i\000g\000n\000m\000e\000n\000t\000\040\000a\000n\000d\000\040\000S\000c\000a\000l\000a\000b\000i\000l\000i\000t\000y}{section.4.8}% 85
\BOOKMARK [1][-]{section.4.9}{\376\377\000D\000e\000s\000i\000g\000n\000\040\000C\000o\000n\000s\000i\000d\000e\000r\000a\000t\000i\000o\000n\000s}{chapter.4}% 86
\BOOKMARK [2][-]{subsection.4.9.1}{\376\377\000R\000e\000a\000l\000-\000T\000i\000m\000e\000\040\000C\000o\000n\000s\000t\000r\000a\000i\000n\000t\000s}{section.4.9}% 87
\BOOKMARK [2][-]{subsection.4.9.2}{\376\377\000S\000i\000g\000n\000a\000l\000\040\000I\000n\000t\000e\000g\000r\000i\000t\000y\000\040\000a\000n\000d\000\040\000N\000o\000i\000s\000e\000\040\000M\000a\000n\000a\000g\000e\000m\000e\000n\000t}{section.4.9}% 88
\BOOKMARK [2][-]{subsection.4.9.3}{\376\377\000M\000o\000d\000u\000l\000a\000r\000i\000t\000y\000\040\000a\000n\000d\000\040\000E\000x\000p\000a\000n\000d\000a\000b\000i\000l\000i\000t\000y}{section.4.9}% 89
\BOOKMARK [2][-]{subsection.4.9.4}{\376\377\000S\000c\000a\000l\000a\000b\000i\000l\000i\000t\000y\000\040\000a\000n\000d\000\040\000U\000p\000g\000r\000a\000d\000e\000\040\000P\000a\000t\000h}{section.4.9}% 90
\BOOKMARK [2][-]{subsection.4.9.5}{\376\377\000D\000e\000b\000u\000g\000g\000i\000n\000g\000\040\000a\000n\000d\000\040\000D\000e\000v\000e\000l\000o\000p\000m\000e\000n\000t\000\040\000S\000u\000p\000p\000o\000r\000t}{section.4.9}% 91
\BOOKMARK [2][-]{subsection.4.9.6}{\376\377\000H\000a\000r\000d\000w\000a\000r\000e\040\023\000S\000o\000f\000t\000w\000a\000r\000e\000\040\000A\000l\000i\000g\000n\000m\000e\000n\000t}{section.4.9}% 92
\BOOKMARK [2][-]{subsection.4.9.7}{\376\377\000S\000y\000s\000t\000e\000m\000\040\000R\000e\000l\000i\000a\000b\000i\000l\000i\000t\000y\000\040\000a\000n\000d\000\040\000S\000a\000f\000e\000t\000y}{section.4.9}% 93
\BOOKMARK [0][-]{chapter.5}{\376\377\000N\000a\000v\000H\000A\000L}{}% 94
\BOOKMARK [1][-]{section.5.1}{\376\377\000M\000o\000t\000i\000v\000a\000t\000i\000o\000n}{chapter.5}% 95
\BOOKMARK [1][-]{section.5.2}{\376\377\000D\000e\000s\000i\000g\000n\000\040\000G\000o\000a\000l\000s}{chapter.5}% 96
\BOOKMARK [1][-]{section.5.3}{\376\377\000A\000r\000c\000h\000i\000t\000e\000c\000t\000u\000r\000e\000\040\000o\000f\000\040\000N\000a\000v\000H\000A\000L}{chapter.5}% 97
\BOOKMARK [1][-]{section.5.4}{\376\377\000I\000n\000t\000e\000r\000f\000a\000c\000e\000\040\000D\000e\000s\000i\000g\000n\000\040\000\050\000A\000P\000I\000s\000\051}{chapter.5}% 98
\BOOKMARK [1][-]{section.5.5}{\376\377\000P\000e\000r\000i\000p\000h\000e\000r\000a\000l\000\040\000A\000b\000s\000t\000r\000a\000c\000t\000i\000o\000n\000s}{chapter.5}% 99
\BOOKMARK [1][-]{section.5.6}{\376\377\000R\000e\000s\000o\000u\000r\000c\000e\000\040\000M\000a\000n\000a\000g\000e\000m\000e\000n\000t}{chapter.5}% 100
\BOOKMARK [1][-]{section.5.7}{\376\377\000T\000i\000m\000i\000n\000g\000\040\000a\000n\000d\000\040\000D\000e\000t\000e\000r\000m\000i\000n\000i\000s\000m}{chapter.5}% 101
\BOOKMARK [1][-]{section.5.8}{\376\377\000P\000o\000r\000t\000a\000b\000i\000l\000i\000t\000y\000\040\000M\000o\000d\000e\000l}{chapter.5}% 102
\BOOKMARK [1][-]{section.5.9}{\376\377\000I\000n\000t\000e\000g\000r\000a\000t\000i\000o\000n\000\040\000w\000i\000t\000h\000\040\000V\000A\000I\000O\000S}{chapter.5}% 103
\BOOKMARK [1][-]{section.5.10}{\376\377\000P\000e\000r\000f\000o\000r\000m\000a\000n\000c\000e\000\040\000E\000v\000a\000l\000u\000a\000t\000i\000o\000n}{chapter.5}% 104
\BOOKMARK [2][-]{subsection.5.10.1}{\376\377\000G\000P\000I\000O\000\040\000T\000o\000g\000g\000l\000e\000\040\000P\000e\000r\000f\000o\000r\000m\000a\000n\000c\000e}{section.5.10}% 105
\BOOKMARK [2][-]{subsection.5.10.2}{\376\377\000D\000e\000t\000e\000r\000m\000i\000n\000i\000s\000m\000\040\000a\000n\000d\000\040\000J\000i\000t\000t\000e\000r}{section.5.10}% 106
\BOOKMARK [2][-]{subsection.5.10.3}{\376\377\000I\000n\000t\000e\000r\000r\000u\000p\000t\000\040\000O\000v\000e\000r\000h\000e\000a\000d}{section.5.10}% 107
\BOOKMARK [2][-]{subsection.5.10.4}{\376\377\000D\000e\000s\000i\000g\000n\000\040\000P\000r\000i\000n\000c\000i\000p\000l\000e\000s}{section.5.10}% 108
\BOOKMARK [1][-]{section.5.11}{\376\377\000C\000o\000m\000p\000a\000r\000i\000s\000o\000n\000\040\000w\000i\000t\000h\000\040\000E\000x\000i\000s\000t\000i\000n\000g\000\040\000H\000A\000L\000s}{chapter.5}% 109
\BOOKMARK [2][-]{subsection.5.11.1}{\376\377\000P\000e\000r\000f\000o\000r\000m\000a\000n\000c\000e\000\040\000a\000n\000d\000\040\000O\000v\000e\000r\000h\000e\000a\000d}{section.5.11}% 110
\BOOKMARK [2][-]{subsection.5.11.2}{\376\377\000D\000e\000t\000e\000r\000m\000i\000n\000i\000s\000m\000\040\000a\000n\000d\000\040\000R\000e\000a\000l\000-\000T\000i\000m\000e\000\040\000B\000e\000h\000a\000v\000i\000o\000r}{section.5.11}% 111
\BOOKMARK [2][-]{subsection.5.11.3}{\376\377\000A\000b\000s\000t\000r\000a\000c\000t\000i\000o\000n\000\040\000v\000s\000\040\000C\000o\000n\000t\000r\000o\000l}{section.5.11}% 112
\BOOKMARK [2][-]{subsection.5.11.4}{\376\377\000S\000c\000a\000l\000a\000b\000i\000l\000i\000t\000y\000\040\000a\000n\000d\000\040\000M\000a\000i\000n\000t\000a\000i\000n\000a\000b\000i\000l\000i\000t\000y}{section.5.11}% 113
\BOOKMARK [1][-]{section.5.12}{\376\377\000S\000u\000m\000m\000a\000r\000y}{chapter.5}% 114
\BOOKMARK [0][-]{chapter.6}{\376\377\000V\000A\000I\000O\000S}{}% 115
\BOOKMARK [1][-]{section.6.1}{\376\377\000O\000v\000e\000r\000v\000i\000e\000w}{chapter.6}% 116
\BOOKMARK [1][-]{section.6.2}{\376\377\000D\000e\000s\000i\000g\000n\000\040\000G\000o\000a\000l\000s}{chapter.6}% 117
\BOOKMARK [1][-]{section.6.3}{\376\377\000S\000y\000s\000t\000e\000m\000\040\000A\000r\000c\000h\000i\000t\000e\000c\000t\000u\000r\000e}{chapter.6}% 118
\BOOKMARK [1][-]{section.6.4}{\376\377\000T\000a\000s\000k\000\040\000M\000o\000d\000e\000l}{chapter.6}% 119
\BOOKMARK [1][-]{section.6.5}{\376\377\000S\000c\000h\000e\000d\000u\000l\000e\000r\000\040\000D\000e\000s\000i\000g\000n}{chapter.6}% 120
\BOOKMARK [1][-]{section.6.6}{\376\377\000T\000i\000m\000i\000n\000g\000\040\000a\000n\000d\000\040\000T\000i\000c\000k\000\040\000M\000a\000n\000a\000g\000e\000m\000e\000n\000t}{chapter.6}% 121
\BOOKMARK [1][-]{section.6.7}{\376\377\000I\000n\000t\000e\000r\000-\000T\000a\000s\000k\000\040\000C\000o\000m\000m\000u\000n\000i\000c\000a\000t\000i\000o\000n}{chapter.6}% 122
\BOOKMARK [1][-]{section.6.8}{\376\377\000M\000e\000m\000o\000r\000y\000\040\000M\000a\000n\000a\000g\000e\000m\000e\000n\000t}{chapter.6}% 123
\BOOKMARK [1][-]{section.6.9}{\376\377\000I\000n\000t\000e\000g\000r\000a\000t\000i\000o\000n\000\040\000w\000i\000t\000h\000\040\000V\000a\000y\000u}{chapter.6}% 124
\BOOKMARK [1][-]{section.6.10}{\376\377\000P\000e\000r\000f\000o\000r\000m\000a\000n\000c\000e\000\040\000A\000n\000a\000l\000y\000s\000i\000s}{chapter.6}% 125
\BOOKMARK [2][-]{subsection.6.10.1}{\376\377\000E\000x\000p\000e\000r\000i\000m\000e\000n\000t\000a\000l\000\040\000P\000l\000a\000t\000f\000o\000r\000m}{section.6.10}% 126
\BOOKMARK [2][-]{subsection.6.10.2}{\376\377\000B\000e\000n\000c\000h\000m\000a\000r\000k\000\040\000S\000u\000m\000m\000a\000r\000y}{section.6.10}% 127
\BOOKMARK [1][-]{section.6.11}{\376\377\000L\000i\000m\000i\000t\000a\000t\000i\000o\000n\000s\000\040\000a\000n\000d\000\040\000F\000u\000t\000u\000r\000e\000\040\000W\000o\000r\000k}{chapter.6}% 128
\BOOKMARK [0][-]{chapter.7}{\376\377\000V\000a\000y\000u}{}% 129
\BOOKMARK [1][-]{section.7.1}{\376\377\000O\000v\000e\000r\000v\000i\000e\000w}{chapter.7}% 130
\BOOKMARK [1][-]{section.7.2}{\376\377\000S\000y\000s\000t\000e\000m\000\040\000A\000r\000c\000h\000i\000t\000e\000c\000t\000u\000r\000e}{chapter.7}% 131
\BOOKMARK [1][-]{section.7.3}{\376\377\000E\000x\000e\000c\000u\000t\000i\000o\000n\000\040\000M\000o\000d\000e\000l}{chapter.7}% 132
\BOOKMARK [1][-]{section.7.4}{\376\377\000S\000e\000n\000s\000o\000r\000\040\000I\000n\000t\000e\000r\000f\000a\000c\000e}{chapter.7}% 133
\BOOKMARK [1][-]{section.7.5}{\376\377\000S\000t\000a\000t\000e\000\040\000E\000s\000t\000i\000m\000a\000t\000i\000o\000n}{chapter.7}% 134
\BOOKMARK [2][-]{subsection.7.5.1}{\376\377\000A\000c\000c\000e\000l\000e\000r\000o\000m\000e\000t\000e\000r\000\040\000a\000n\000d\000\040\000M\000a\000g\000n\000e\000t\000o\000m\000e\000t\000e\000r\000\040\000E\000s\000t\000i\000m\000a\000t\000i\000o\000n}{section.7.5}% 135
\BOOKMARK [2][-]{subsection.7.5.2}{\376\377\000C\000o\000m\000p\000l\000e\000m\000e\000n\000t\000a\000r\000y\000\040\000F\000i\000l\000t\000e\000r}{section.7.5}% 136
\BOOKMARK [2][-]{subsection.7.5.3}{\376\377\000M\000a\000h\000o\000n\000y\000\040\000F\000i\000l\000t\000e\000r}{section.7.5}% 137
\BOOKMARK [2][-]{subsection.7.5.4}{\376\377\000I\000m\000p\000l\000e\000m\000e\000n\000t\000a\000t\000i\000o\000n\000\040\000C\000o\000n\000s\000i\000d\000e\000r\000a\000t\000i\000o\000n\000s}{section.7.5}% 138
\BOOKMARK [1][-]{section.7.6}{\376\377\000C\000o\000n\000t\000r\000o\000l\000\040\000S\000y\000s\000t\000e\000m}{chapter.7}% 139
\BOOKMARK [2][-]{subsection.7.6.1}{\376\377\000C\000o\000n\000t\000r\000o\000l\000\040\000A\000r\000c\000h\000i\000t\000e\000c\000t\000u\000r\000e}{section.7.6}% 140
\BOOKMARK [2][-]{subsection.7.6.2}{\376\377\000P\000I\000D\000\040\000C\000o\000n\000t\000r\000o\000l\000l\000e\000r\000\040\000F\000o\000r\000m\000u\000l\000a\000t\000i\000o\000n}{section.7.6}% 141
\BOOKMARK [2][-]{subsection.7.6.3}{\376\377\000I\000m\000p\000l\000e\000m\000e\000n\000t\000a\000t\000i\000o\000n\000\040\000D\000e\000t\000a\000i\000l\000s}{section.7.6}% 142
\BOOKMARK [2][-]{subsection.7.6.4}{\376\377\000D\000a\000t\000a\000\040\000F\000l\000o\000w\000\040\000B\000e\000t\000w\000e\000e\000n\000\040\000C\000o\000n\000t\000r\000o\000l\000l\000e\000r\000s}{section.7.6}% 143
\BOOKMARK [1][-]{section.7.7}{\376\377\000A\000c\000t\000u\000a\000t\000i\000o\000n\000\040\000a\000n\000d\000\040\000O\000u\000t\000p\000u\000t}{chapter.7}% 144
\BOOKMARK [2][-]{subsection.7.7.1}{\376\377\000M\000o\000t\000o\000r\000\040\000M\000i\000x\000i\000n\000g}{section.7.7}% 145
\BOOKMARK [2][-]{subsection.7.7.2}{\376\377\000O\000u\000t\000p\000u\000t\000\040\000N\000o\000r\000m\000a\000l\000i\000z\000a\000t\000i\000o\000n}{section.7.7}% 146
\BOOKMARK [2][-]{subsection.7.7.3}{\376\377\000T\000h\000r\000o\000t\000t\000l\000e\000\040\000H\000a\000n\000d\000l\000i\000n\000g}{section.7.7}% 147
\BOOKMARK [2][-]{subsection.7.7.4}{\376\377\000H\000a\000r\000d\000w\000a\000r\000e\000\040\000O\000u\000t\000p\000u\000t}{section.7.7}% 148
\BOOKMARK [2][-]{subsection.7.7.5}{\376\377\000S\000y\000s\000t\000e\000m\000\040\000B\000e\000h\000a\000v\000i\000o\000r}{section.7.7}% 149
\BOOKMARK [1][-]{section.7.8}{\376\377\000C\000o\000m\000m\000u\000n\000i\000c\000a\000t\000i\000o\000n\000\040\000a\000n\000d\000\040\000T\000e\000l\000e\000m\000e\000t\000r\000y}{chapter.7}% 150
\BOOKMARK [2][-]{subsection.7.8.1}{\376\377\000R\000e\000m\000o\000t\000e\000\040\000C\000o\000n\000t\000r\000o\000l\000\040\000I\000n\000p\000u\000t}{section.7.8}% 151
\BOOKMARK [2][-]{subsection.7.8.2}{\376\377\000C\000o\000m\000m\000a\000n\000d\000\040\000P\000r\000o\000c\000e\000s\000s\000i\000n\000g}{section.7.8}% 152
\BOOKMARK [2][-]{subsection.7.8.3}{\376\377\000T\000e\000l\000e\000m\000e\000t\000r\000y\000\040\000A\000r\000c\000h\000i\000t\000e\000c\000t\000u\000r\000e}{section.7.8}% 153
\BOOKMARK [2][-]{subsection.7.8.4}{\376\377\000A\000d\000a\000p\000t\000i\000v\000e\000\040\000D\000a\000t\000a\000\040\000S\000t\000r\000e\000a\000m\000i\000n\000g}{section.7.8}% 154
\BOOKMARK [2][-]{subsection.7.8.5}{\376\377\000L\000o\000g\000g\000i\000n\000g\000\040\000I\000n\000t\000e\000g\000r\000a\000t\000i\000o\000n}{section.7.8}% 155
\BOOKMARK [2][-]{subsection.7.8.6}{\376\377\000S\000y\000s\000t\000e\000m\000\040\000B\000e\000h\000a\000v\000i\000o\000r}{section.7.8}% 156
\BOOKMARK [1][-]{section.7.9}{\376\377\000D\000a\000t\000a\000\040\000L\000o\000g\000g\000i\000n\000g\000\040\000a\000n\000d\000\040\000S\000t\000o\000r\000a\000g\000e}{chapter.7}% 157
\BOOKMARK [2][-]{subsection.7.9.1}{\376\377\000F\000i\000l\000e\000-\000B\000a\000s\000e\000d\000\040\000L\000o\000g\000g\000i\000n\000g\000\040\000A\000r\000c\000h\000i\000t\000e\000c\000t\000u\000r\000e}{section.7.9}% 158
\BOOKMARK [2][-]{subsection.7.9.2}{\376\377\000P\000r\000e\000a\000l\000l\000o\000c\000a\000t\000i\000o\000n\000\040\000a\000n\000d\000\040\000D\000e\000t\000e\000r\000m\000i\000n\000i\000s\000t\000i\000c\000\040\000W\000r\000i\000t\000e\000s}{section.7.9}% 159
\BOOKMARK [2][-]{subsection.7.9.3}{\376\377\000C\000i\000r\000c\000u\000l\000a\000r\000\040\000L\000o\000g\000g\000i\000n\000g\000\040\000M\000e\000c\000h\000a\000n\000i\000s\000m}{section.7.9}% 160
\BOOKMARK [2][-]{subsection.7.9.4}{\376\377\000T\000h\000r\000e\000a\000d\000-\000S\000a\000f\000e\000\040\000O\000p\000e\000r\000a\000t\000i\000o\000n}{section.7.9}% 161
\BOOKMARK [2][-]{subsection.7.9.5}{\376\377\000I\000n\000t\000e\000g\000r\000a\000t\000i\000o\000n\000\040\000w\000i\000t\000h\000\040\000S\000y\000s\000t\000e\000m\000\040\000C\000o\000m\000p\000o\000n\000e\000n\000t\000s}{section.7.9}% 162
\BOOKMARK [2][-]{subsection.7.9.6}{\376\377\000F\000u\000t\000u\000r\000e\000\040\000E\000x\000t\000e\000n\000s\000i\000o\000n\000s}{section.7.9}% 163
\BOOKMARK [2][-]{subsection.7.9.7}{\376\377\000S\000y\000s\000t\000e\000m\000\040\000B\000e\000h\000a\000v\000i\000o\000r}{section.7.9}% 164
\BOOKMARK [1][-]{section.7.10}{\376\377\000S\000y\000s\000t\000e\000m\000\040\000I\000n\000i\000t\000i\000a\000l\000i\000z\000a\000t\000i\000o\000n\000\040\000a\000n\000d\000\040\000B\000o\000o\000t\000\040\000F\000l\000o\000w}{chapter.7}% 165
\BOOKMARK [2][-]{subsection.7.10.1}{\376\377\000I\000n\000i\000t\000i\000a\000l\000i\000z\000a\000t\000i\000o\000n\000\040\000S\000e\000q\000u\000e\000n\000c\000e}{section.7.10}% 166
\BOOKMARK [2][-]{subsection.7.10.2}{\376\377\000B\000o\000o\000t\000\040\000T\000a\000s\000k\000\040\000a\000n\000d\000\040\000S\000y\000s\000t\000e\000m\000\040\000C\000h\000e\000c\000k\000s}{section.7.10}% 167
\BOOKMARK [2][-]{subsection.7.10.3}{\376\377\000S\000t\000a\000t\000e\000\040\000T\000r\000a\000n\000s\000i\000t\000i\000o\000n}{section.7.10}% 168
\BOOKMARK [2][-]{subsection.7.10.4}{\376\377\000T\000a\000s\000k\000\040\000A\000c\000t\000i\000v\000a\000t\000i\000o\000n}{section.7.10}% 169
\BOOKMARK [2][-]{subsection.7.10.5}{\376\377\000S\000y\000s\000t\000e\000m\000\040\000B\000e\000h\000a\000v\000i\000o\000r}{section.7.10}% 170
\BOOKMARK [1][-]{section.7.11}{\376\377\000T\000a\000s\000k\000\040\000O\000r\000g\000a\000n\000i\000z\000a\000t\000i\000o\000n}{chapter.7}% 171
\BOOKMARK [2][-]{subsection.7.11.1}{\376\377\000T\000a\000s\000k\000\040\000C\000l\000a\000s\000s\000i\000f\000i\000c\000a\000t\000i\000o\000n}{section.7.11}% 172
\BOOKMARK [2][-]{subsection.7.11.2}{\376\377\000T\000a\000s\000k\000\040\000P\000r\000i\000o\000r\000i\000t\000i\000z\000a\000t\000i\000o\000n}{section.7.11}% 173
\BOOKMARK [2][-]{subsection.7.11.3}{\376\377\000I\000n\000t\000e\000r\000-\000T\000a\000s\000k\000\040\000C\000o\000m\000m\000u\000n\000i\000c\000a\000t\000i\000o\000n}{section.7.11}% 174
\BOOKMARK [2][-]{subsection.7.11.4}{\376\377\000T\000a\000s\000k\000\040\000L\000i\000f\000e\000c\000y\000c\000l\000e}{section.7.11}% 175
\BOOKMARK [2][-]{subsection.7.11.5}{\376\377\000E\000x\000e\000c\000u\000t\000i\000o\000n\000\040\000C\000h\000a\000r\000a\000c\000t\000e\000r\000i\000s\000t\000i\000c\000s}{section.7.11}% 176
\BOOKMARK [2][-]{subsection.7.11.6}{\376\377\000S\000y\000s\000t\000e\000m\000\040\000B\000e\000h\000a\000v\000i\000o\000r}{section.7.11}% 177
\BOOKMARK [1][-]{section.7.12}{\376\377\000E\000x\000t\000e\000n\000s\000i\000b\000i\000l\000i\000t\000y}{chapter.7}% 178
\BOOKMARK [2][-]{subsection.7.12.1}{\376\377\000M\000o\000d\000u\000l\000a\000r\000\040\000A\000r\000c\000h\000i\000t\000e\000c\000t\000u\000r\000e}{section.7.12}% 179
\BOOKMARK [2][-]{subsection.7.12.2}{\376\377\000C\000o\000n\000f\000i\000g\000u\000r\000a\000b\000l\000e\000\040\000C\000o\000m\000p\000o\000n\000e\000n\000t\000s}{section.7.12}% 180
\BOOKMARK [2][-]{subsection.7.12.3}{\376\377\000T\000a\000s\000k\000-\000B\000a\000s\000e\000d\000\040\000E\000x\000p\000a\000n\000s\000i\000o\000n}{section.7.12}% 181
\BOOKMARK [2][-]{subsection.7.12.4}{\376\377\000H\000a\000r\000d\000w\000a\000r\000e\000\040\000A\000b\000s\000t\000r\000a\000c\000t\000i\000o\000n}{section.7.12}% 182
\BOOKMARK [2][-]{subsection.7.12.5}{\376\377\000S\000t\000o\000r\000a\000g\000e\000\040\000a\000n\000d\000\040\000D\000a\000t\000a\000\040\000E\000x\000p\000a\000n\000s\000i\000o\000n}{section.7.12}% 183
\BOOKMARK [2][-]{subsection.7.12.6}{\376\377\000C\000o\000m\000m\000u\000n\000i\000c\000a\000t\000i\000o\000n\000\040\000F\000l\000e\000x\000i\000b\000i\000l\000i\000t\000y}{section.7.12}% 184
\BOOKMARK [2][-]{subsection.7.12.7}{\376\377\000S\000y\000s\000t\000e\000m\000\040\000E\000v\000o\000l\000u\000t\000i\000o\000n}{section.7.12}% 185
\BOOKMARK [1][-]{section.7.13}{\376\377\000C\000u\000r\000r\000e\000n\000t\000\040\000S\000t\000a\000t\000u\000s\000\040\000a\000n\000d\000\040\000R\000o\000a\000d\000m\000a\000p}{chapter.7}% 186
\BOOKMARK [2][-]{subsection.7.13.1}{\376\377\000C\000u\000r\000r\000e\000n\000t\000\040\000S\000t\000a\000t\000u\000s}{section.7.13}% 187
\BOOKMARK [2][-]{subsection.7.13.2}{\376\377\000R\000o\000a\000d\000m\000a\000p}{section.7.13}% 188
\BOOKMARK [2][-]{subsection.7.13.3}{\376\377\000D\000e\000v\000e\000l\000o\000p\000m\000e\000n\000t\000\040\000D\000i\000r\000e\000c\000t\000i\000o\000n}{section.7.13}% 189
\BOOKMARK [0][-]{chapter.8}{\376\377\000C\000o\000n\000c\000l\000u\000s\000i\000o\000n}{}% 190
